<?xml version="1.0" encoding="UTF-8"?>
<!-- Generated by org.testng.reporters.JUnitReportReporter -->
<testsuite hostname="DESKTOP-R5545K" failures="0" tests="1" name="com.banking.testCases.TC_001_LoginTest" time="4.379" errors="0" timestamp="2022-09-28T10:51:48 IST" skipped="0">
  <testcase classname="com.banking.testCases.TC_001_LoginTest" name="LoginTest" time="4.379"/>
  <system-out/>
</testsuite> <!-- com.banking.testCases.TC_001_LoginTest -->
