<?xml version="1.0" encoding="UTF-8"?>
<!-- Generated by org.testng.reporters.JUnitReportReporter -->
<testsuite hostname="DESKTOP-R5545K" failures="0" tests="1" name="com.banking.testCases.TC_001_LoginTest" time="4.652" errors="0" timestamp="2022-09-28T11:40:45 IST" skipped="0">
  <testcase classname="com.banking.testCases.TC_001_LoginTest" name="LoginTest" time="4.652"/>
  <system-out/>
</testsuite> <!-- com.banking.testCases.TC_001_LoginTest -->
